#
# A fatal error has been detected by the Java Runtime Environment:
#
#  SIGSEGV (0xb) at pc=0x00007fff8a3410dd, pid=20780, tid=1811
#
# JRE version: Java(TM) SE Runtime Environment (8.0_60-b27) (build 1.8.0_60-b27)
# Java VM: Java HotSpot(TM) 64-Bit Server VM (25.60-b23 mixed mode bsd-amd64 compressed oops)
# Problematic frame:
# C  [libobjc.A.dylib+0x10dd]  objc_msgSend+0x1d
#
# Failed to write core dump. Core dumps have been disabled. To enable core dumping, try "ulimit -c unlimited" before starting Java again
#
# If you would like to submit a bug report, please visit:
#   http://bugreport.java.com/bugreport/crash.jsp
# The crash happened outside the Java Virtual Machine in native code.
# See problematic frame for where to report the bug.
#

---------------  T H R E A D  ---------------

Current thread (0x00007f9ca310b000):  JavaThread "AppKit Thread" daemon [_thread_in_native, id=1811, stack(0x00007fff58f40000,0x00007fff59740000)]

siginfo: si_signo: 11 (SIGSEGV), si_code: 1 (SEGV_MAPERR), si_addr: 0x000007f9ca249ce0

Registers:
RAX=0x00007f9ca249bbc0, RBX=0x00007fff59739e28, RCX=0x0000000000000000, RDX=0x00007f9ca248a270
RSP=0x00007fff59739c48, RBP=0x00007fff59739c50, RSI=0x00007fff87cc441e, RDI=0x00007f9ca249bbc0
R8 =0x00007fff59739c30, R9 =0x0000000000000055, R10=0x00007fff87cc441e, R11=0x000007f9ca249cc8
R12=0x00007f9ca24319e0, R13=0x00000000000f42ed, R14=0x00007f9ca278c380, R15=0x00007fff59739d88
RIP=0x00007fff8a3410dd, EFLAGS=0x0000000000010202, ERR=0x0000000000000004
  TRAPNO=0x000000000000000e

Top of Stack: (sp=0x00007fff59739c48)
0x00007fff59739c48:   00007fff8209c45c 00007fff59739fb0
0x00007fff59739c58:   00007fff81f8c634 00007fff59739cdc
0x00007fff59739c68:   00007fff59739ce0 00007fff59739ce4
0x00007fff59739c78:   00007fff73069e00 ffffffffffffffff
0x00007fff59739c88:   00000000000007f8 00007fff73069e18
0x00007fff59739c98:   00007f9ca278c380 0000000000000000
0x00007fff59739ca8:   00007fff59739d80 0000000000000000
0x00007fff59739cb8:   00007f9ca2660760 00007fff59739e00
0x00007fff59739cc8:   0000000000000055 00000000000f42ef
0x00007fff59739cd8:   00007f9ca248a270 00007f9ca2660190
0x00007fff59739ce8:   00007f9ca24319e0 0000000000000001
0x00007fff59739cf8:   00000000000f42ed 00007f9ca24319d0
0x00007fff59739d08:   00007fff9026fc05 00000001a24d27c0
0x00007fff59739d18:   00007fff70b100d0 0000000042000000
0x00007fff59739d28:   00007fff90276e63 00007fff73034240
0x00007fff59739d38:   00007fff59739e08 00007fff59739d60
0x00007fff59739d48:   00007fff59739d80 0000000000000000
0x00007fff59739d58:   0000000000000026 0001a50300000001
0x00007fff59739d68:   00007f9ca2431a04 0000000000000000
0x00007fff59739d78:   0000000000000000 00007f9ca26607e0
0x00007fff59739d88:   00007f9ca278c380 0000002000000000
0x00007fff59739d98:   0000000000000000 00007fff70b100d0
0x00007fff59739da8:   0000000042000000 00007fff902764f8
0x00007fff59739db8:   00007fff73034350 00007fff59739d18
0x00007fff59739dc8:   0000000000000000 00007fff59739e98
0x00007fff59739dd8:   00007fff71730ea0 00007fff59739ed0
0x00007fff59739de8:   00007fff818c9770 00007fff59739e80
0x00007fff59739df8:   00007fff873f84ed 0000000000000051
0x00007fff59739e08:   0000000000000000 00000000000f42e2
0x00007fff59739e18:   0000000000000053 0000000000000000
0x00007fff59739e28:   00000000000f42ed 00007fff59739ea4
0x00007fff59739e38:   00000000003ce301 00000000ffffffff 

Instructions: (pc=0x00007fff8a3410dd)
0x00007fff8a3410bd:   00 00 00 48 85 ff 2e 74 7a 40 f6 c7 01 2e 75 7e
0x00007fff8a3410cd:   49 bb f8 ff ff ff ff 7f 00 00 4c 23 1f 49 89 f2
0x00007fff8a3410dd:   45 23 53 18 49 c1 e2 04 4d 03 53 10 49 3b 32 75
0x00007fff8a3410ed:   04 41 ff 62 08 49 83 3a 00 74 6a 4d 3b 53 10 74 

Register to memory mapping:

RAX=0x00007f9ca249bbc0 is an unknown value
RBX=0x00007fff59739e28 is pointing into the stack for thread: 0x00007f9ca310b000
RCX=0x0000000000000000 is an unknown value
RDX=0x00007f9ca248a270 is an unknown value
RSP=0x00007fff59739c48 is pointing into the stack for thread: 0x00007f9ca310b000
RBP=0x00007fff59739c50 is pointing into the stack for thread: 0x00007f9ca310b000
RSI=0x00007fff87cc441e: -[NSTitlebarContainerView transparent]+0x5e312 in /System/Library/Frameworks/AppKit.framework/Versions/C/AppKit at 0x00007fff872c3000
RDI=0x00007f9ca249bbc0 is an unknown value
R8 =0x00007fff59739c30 is pointing into the stack for thread: 0x00007f9ca310b000
R9 =0x0000000000000055 is an unknown value
R10=0x00007fff87cc441e: -[NSTitlebarContainerView transparent]+0x5e312 in /System/Library/Frameworks/AppKit.framework/Versions/C/AppKit at 0x00007fff872c3000
R11=0x000007f9ca249cc8 is an unknown value
R12=0x00007f9ca24319e0 is an unknown value
R13=0x00000000000f42ed is an unknown value
R14=0x00007f9ca278c380 is an unknown value
R15=0x00007fff59739d88 is pointing into the stack for thread: 0x00007f9ca310b000


Stack: [0x00007fff58f40000,0x00007fff59740000],  sp=0x00007fff59739c48,  free space=8167k
Native frames: (J=compiled Java code, j=interpreted, Vv=VM code, C=native code)
C  [libobjc.A.dylib+0x10dd]  objc_msgSend+0x1d
C  [CoreFoundation+0x10634]  _CFXNotificationPost+0xc44
C  [Foundation+0x7aa1]  -[NSNotificationCenter postNotificationName:object:userInfo:]+0x42
C  [AppKit+0x439c2]  -[NSSurface _disposeSurface]+0x98
C  [AppKit+0x43426]  -[NSSurface setWindow:]+0x42
C  [AppKit+0x33910]  -[NSView _setWindow:]+0xa33
C  [AppKit+0x6af91]  -[NSView removeFromSuperview]+0x1c5
C  [AppKit+0x14bd99]  -[NSView removeFromSuperviewWithoutNeedingDisplay]+0x26
C  [liblwjgl.dylib+0xa205]  +[MacOSXKeyableWindow destroyWindow]+0xb5
C  [Foundation+0x92dd0]  __NSThreadPerformPerform+0x125
C  [CoreFoundation+0x80a01]  __CFRUNLOOP_IS_CALLING_OUT_TO_A_SOURCE0_PERFORM_FUNCTION__+0x11
C  [CoreFoundation+0x72b8d]  __CFRunLoopDoSources0+0x10d
C  [CoreFoundation+0x721bf]  __CFRunLoopRun+0x39f
C  [CoreFoundation+0x71bd8]  CFRunLoopRunSpecific+0x128
C  [HIToolbox+0x3256f]  RunCurrentEventLoopInMode+0xeb
C  [HIToolbox+0x322ea]  ReceiveNextEventCommon+0x1af
C  [HIToolbox+0x3212b]  _BlockUntilNextEventMatchingListInModeWithFilter+0x47
C  [AppKit+0x918ab]  _DPSNextEvent+0x3d2
C  [AppKit+0x90e58]  -[NSApplication nextEventMatchingMask:untilDate:inMode:dequeue:]+0x15a
C  [libosxapp.dylib+0x23aa]  -[NSApplicationAWT nextEventMatchingMask:untilDate:inMode:dequeue:]+0x7c
C  [AppKit+0x86af3]  -[NSApplication run]+0x252
C  [libosxapp.dylib+0x214d]  +[NSApplicationAWT runAWTLoopWithApp:]+0x9c
C  [libawt_lwawt.dylib+0x44517]  -[AWTStarter starter:]+0x389
C  [Foundation+0x92dd0]  __NSThreadPerformPerform+0x125
C  [CoreFoundation+0x80a01]  __CFRUNLOOP_IS_CALLING_OUT_TO_A_SOURCE0_PERFORM_FUNCTION__+0x11
C  [CoreFoundation+0x72b8d]  __CFRunLoopDoSources0+0x10d
C  [CoreFoundation+0x721bf]  __CFRunLoopRun+0x39f
C  [CoreFoundation+0x71bd8]  CFRunLoopRunSpecific+0x128
C  [java+0x6463]  CreateExecutionEnvironment+0x367
C  [java+0x21ac]  JLI_Launch+0x7a0
C  [java+0x84c0]  main+0x65
C  [java+0x1a04]  start+0x34
C  0x0000000000000008


---------------  P R O C E S S  ---------------

Java Threads: ( => current thread )
  0x00007f9ca29b3800 JavaThread "AWT-Shutdown" [_thread_blocked, id=28955, stack(0x000000011f5de000,0x000000011f6de000)]
  0x00007f9ca4105800 JavaThread "DestroyJavaVM" [_thread_blocked, id=3331, stack(0x0000000107549000,0x0000000107649000)]
  0x00007f9ca290b800 JavaThread "LWJGL Application" [_thread_in_native, id=64007, stack(0x0000000122444000,0x0000000122544000)]
=>0x00007f9ca310b000 JavaThread "AppKit Thread" daemon [_thread_in_native, id=1811, stack(0x00007fff58f40000,0x00007fff59740000)]
  0x00007f9ca4065000 JavaThread "Monitor Ctrl-Break" daemon [_thread_in_native, id=19203, stack(0x000000011da9f000,0x000000011db9f000)]
  0x00007f9ca3827800 JavaThread "Service Thread" daemon [_thread_blocked, id=18179, stack(0x000000011d6f5000,0x000000011d7f5000)]
  0x00007f9ca4028000 JavaThread "C1 CompilerThread2" daemon [_thread_blocked, id=17667, stack(0x000000011d5f2000,0x000000011d6f2000)]
  0x00007f9ca3830800 JavaThread "C2 CompilerThread1" daemon [_thread_blocked, id=17155, stack(0x000000011d4ef000,0x000000011d5ef000)]
  0x00007f9ca3015800 JavaThread "C2 CompilerThread0" daemon [_thread_blocked, id=16643, stack(0x000000011d3ec000,0x000000011d4ec000)]
  0x00007f9ca300c000 JavaThread "Signal Dispatcher" daemon [_thread_blocked, id=16163, stack(0x000000011d2e9000,0x000000011d3e9000)]
  0x00007f9ca4025800 JavaThread "Finalizer" daemon [_thread_blocked, id=11011, stack(0x000000011b8cd000,0x000000011b9cd000)]
  0x00007f9ca4024800 JavaThread "Reference Handler" daemon [_thread_blocked, id=10499, stack(0x000000011b7ca000,0x000000011b8ca000)]

Other Threads:
  0x00007f9ca2837800 VMThread [stack: 0x000000011b6c7000,0x000000011b7c7000] [id=9987]
  0x00007f9ca2846800 WatcherThread [stack: 0x000000011d7f8000,0x000000011d8f8000] [id=18691]

VM state:not at safepoint (normal execution)

VM Mutex/Monitor currently owned by a thread: None

Heap:
 PSYoungGen      total 18944K, used 15326K [0x00000007aab00000, 0x00000007ac000000, 0x00000007c0000000)
  eden space 16384K, 93% used [0x00000007aab00000,0x00000007ab9f7a28,0x00000007abb00000)
  from space 2560K, 0% used [0x00000007abd80000,0x00000007abd80000,0x00000007ac000000)
  to   space 2560K, 0% used [0x00000007abb00000,0x00000007abb00000,0x00000007abd80000)
 ParOldGen       total 44032K, used 0K [0x0000000780000000, 0x0000000782b00000, 0x00000007aab00000)
  object space 44032K, 0% used [0x0000000780000000,0x0000000780000000,0x0000000782b00000)
 Metaspace       used 7959K, capacity 8099K, committed 8320K, reserved 1056768K
  class space    used 790K, capacity 856K, committed 896K, reserved 1048576K

Card table byte_map: [0x00000001173c0000,0x00000001175c1000] byte_map_base: 0x00000001137c0000

Marking Bits: (ParMarkBitMap*) 0x0000000106e9de20
 Begin Bits: [0x0000000117a20000, 0x0000000118a20000)
 End Bits:   [0x0000000118a20000, 0x0000000119a20000)

Polling page: 0x000000010768e000

CodeCache: size=245760Kb used=2816Kb max_used=2827Kb free=242943Kb
 bounds [0x0000000108000000, 0x00000001082d0000, 0x0000000117000000]
 total_blobs=1151 nmethods=716 adapters=349
 compilation: enabled

Compilation events (10 events):
Event: 5.967 Thread 0x00007f9ca3015800  712       4       java.nio.Buffer::limit (62 bytes)
Event: 5.968 Thread 0x00007f9ca3015800 nmethod 712 0x00000001082c26d0 code [0x00000001082c2820, 0x00000001082c2918]
Event: 6.103 Thread 0x00007f9ca4028000  713       3       sun.awt.AWTAutoShutdown::isReadyToShutdown (37 bytes)
Event: 6.103 Thread 0x00007f9ca4028000 nmethod 713 0x00000001082c2090 code [0x00000001082c2220, 0x00000001082c25d8]
Event: 6.485 Thread 0x00007f9ca4028000  714       3       java.util.jar.Attributes::getValue (9 bytes)
Event: 6.486 Thread 0x00007f9ca4028000 nmethod 714 0x00000001082c1a50 code [0x00000001082c1be0, 0x00000001082c1f48]
Event: 6.486 Thread 0x00007f9ca4028000  715       3       java.util.jar.Attributes::get (11 bytes)
Event: 6.486 Thread 0x00007f9ca4028000 nmethod 715 0x00000001082c1610 code [0x00000001082c1780, 0x00000001082c19a8]
Event: 6.493 Thread 0x00007f9ca3830800  716       4       java.nio.DirectByteBuffer::put (18 bytes)
Event: 6.494 Thread 0x00007f9ca3830800 nmethod 716 0x00000001082bfe50 code [0x00000001082bffa0, 0x00000001082c0058]

GC Heap History (0 events):
No events

Deoptimization events (2 events):
Event: 0.272 Thread 0x00007f9ca380e000 Uncommon trap: reason=unstable_if action=reinterpret pc=0x00000001081228bc method=java.lang.String.indexOf(II)I @ 49
Event: 0.310 Thread 0x00007f9ca380e000 Uncommon trap: reason=unstable_if action=reinterpret pc=0x0000000108124884 method=java.lang.String.hashCode()I @ 14

Internal exceptions (10 events):
Event: 0.532 Thread 0x00007f9ca380e000 Exception <a 'java/lang/NoSuchFieldError': method resolution failed> (0x00000007ab0f9348) thrown at [/Users/java_re/workspace/8-2-build-macosx-x86_64/jdk8u60/4407/hotspot/src/share/vm/prims/methodHandles.cpp, line 1146]
Event: 0.550 Thread 0x00007f9ca380e000 Exception <a 'java/lang/NoSuchFieldError': method resolution failed> (0x00000007ab106a68) thrown at [/Users/java_re/workspace/8-2-build-macosx-x86_64/jdk8u60/4407/hotspot/src/share/vm/prims/methodHandles.cpp, line 1146]
Event: 0.960 Thread 0x00007f9ca380e000 Exception <a 'java/io/FileNotFoundException'> (0x00000007ab181b88) thrown at [/Users/java_re/workspace/8-2-build-macosx-x86_64/jdk8u60/4407/hotspot/src/share/vm/prims/jni.cpp, line 709]
Event: 0.960 Thread 0x00007f9ca380e000 Exception <a 'java/io/FileNotFoundException'> (0x00000007ab1826d0) thrown at [/Users/java_re/workspace/8-2-build-macosx-x86_64/jdk8u60/4407/hotspot/src/share/vm/prims/jni.cpp, line 709]
Event: 0.986 Thread 0x00007f9ca380e000 Exception <a 'java/security/PrivilegedActionException'> (0x00000007ab1acf30) thrown at [/Users/java_re/workspace/8-2-build-macosx-x86_64/jdk8u60/4407/hotspot/src/share/vm/prims/jvm.cpp, line 1386]
Event: 0.986 Thread 0x00007f9ca380e000 Exception <a 'java/security/PrivilegedActionException'> (0x00000007ab1aeb18) thrown at [/Users/java_re/workspace/8-2-build-macosx-x86_64/jdk8u60/4407/hotspot/src/share/vm/prims/jvm.cpp, line 1386]
Event: 0.986 Thread 0x00007f9ca380e000 Exception <a 'java/security/PrivilegedActionException'> (0x00000007ab1afc38) thrown at [/Users/java_re/workspace/8-2-build-macosx-x86_64/jdk8u60/4407/hotspot/src/share/vm/prims/jvm.cpp, line 1386]
Event: 0.987 Thread 0x00007f9ca380e000 Exception <a 'java/security/PrivilegedActionException'> (0x00000007ab1b4d58) thrown at [/Users/java_re/workspace/8-2-build-macosx-x86_64/jdk8u60/4407/hotspot/src/share/vm/prims/jvm.cpp, line 1386]
Event: 0.987 Thread 0x00007f9ca380e000 Exception <a 'java/security/PrivilegedActionException'> (0x00000007ab1b59b0) thrown at [/Users/java_re/workspace/8-2-build-macosx-x86_64/jdk8u60/4407/hotspot/src/share/vm/prims/jvm.cpp, line 1386]
Event: 0.987 Thread 0x00007f9ca380e000 Exception <a 'java/security/PrivilegedActionException'> (0x00000007ab1b65d8) thrown at [/Users/java_re/workspace/8-2-build-macosx-x86_64/jdk8u60/4407/hotspot/src/share/vm/prims/jvm.cpp, line 1386]

Events (10 events):
Event: 3.668 Thread 0x00007f9ca290b800 DEOPT PACKING pc=0x000000010827e363 sp=0x00000001225436b0
Event: 3.668 Thread 0x00007f9ca290b800 DEOPT UNPACKING pc=0x0000000108047633 sp=0x00000001225434e0 mode 0
Event: 4.261 Executing VM operation: EnableBiasedLocking
Event: 4.261 Executing VM operation: EnableBiasedLocking done
Event: 5.550 loading class com/badlogic/gdx/backends/lwjgl/LwjglInput$TouchEvent
Event: 5.550 loading class com/badlogic/gdx/backends/lwjgl/LwjglInput$TouchEvent done
Event: 6.485 loading class com/badlogic/gdx/backends/lwjgl/LwjglApplication$2
Event: 6.485 loading class com/badlogic/gdx/backends/lwjgl/LwjglApplication$2 done
Event: 6.491 loading class org/lwjgl/opengl/CallbackUtil
Event: 6.491 loading class org/lwjgl/opengl/CallbackUtil done


Dynamic libraries:
0x0000000000a84000 	/System/Library/Frameworks/Cocoa.framework/Versions/A/Cocoa
0x0000000000a84000 	/System/Library/Frameworks/Security.framework/Versions/A/Security
0x0000000000a84000 	/System/Library/Frameworks/ApplicationServices.framework/Versions/A/ApplicationServices
0x0000000000a84000 	/usr/lib/libz.1.dylib
0x0000000000a84000 	/usr/lib/libSystem.B.dylib
0x0000000000a84000 	/usr/lib/libobjc.A.dylib
0x0000000000a84000 	/System/Library/Frameworks/CoreFoundation.framework/Versions/A/CoreFoundation
0x0000000000a84000 	/System/Library/Frameworks/Foundation.framework/Versions/C/Foundation
0x0000000000a84000 	/System/Library/Frameworks/AppKit.framework/Versions/C/AppKit
0x0000000000a84000 	/System/Library/Frameworks/CoreData.framework/Versions/A/CoreData
0x0000000000a84000 	/System/Library/PrivateFrameworks/RemoteViewServices.framework/Versions/A/RemoteViewServices
0x0000000000a84000 	/System/Library/PrivateFrameworks/UIFoundation.framework/Versions/A/UIFoundation
0x0000000000a84000 	/System/Library/Frameworks/IOSurface.framework/Versions/A/IOSurface
0x0000000000a84000 	/System/Library/Frameworks/AudioToolbox.framework/Versions/A/AudioToolbox
0x0000000000a84000 	/System/Library/Frameworks/AudioUnit.framework/Versions/A/AudioUnit
0x0000000000a84000 	/System/Library/PrivateFrameworks/DataDetectorsCore.framework/Versions/A/DataDetectorsCore
0x0000000000a84000 	/System/Library/PrivateFrameworks/DesktopServicesPriv.framework/Versions/A/DesktopServicesPriv
0x0000000000a84000 	/System/Library/Frameworks/Carbon.framework/Versions/A/Frameworks/HIToolbox.framework/Versions/A/HIToolbox
0x0000000000a84000 	/System/Library/Frameworks/QuartzCore.framework/Versions/A/QuartzCore
0x0000000000a84000 	/System/Library/Frameworks/Carbon.framework/Versions/A/Frameworks/SpeechRecognition.framework/Versions/A/SpeechRecognition
0x0000000000a84000 	/usr/lib/libauto.dylib
0x0000000000a84000 	/usr/lib/libicucore.A.dylib
0x0000000000a84000 	/usr/lib/libxml2.2.dylib
0x0000000000a84000 	/System/Library/PrivateFrameworks/CoreUI.framework/Versions/A/CoreUI
0x0000000000a84000 	/System/Library/Frameworks/CoreAudio.framework/Versions/A/CoreAudio
0x0000000000a84000 	/System/Library/Frameworks/DiskArbitration.framework/Versions/A/DiskArbitration
0x0000000000a84000 	/usr/lib/liblangid.dylib
0x0000000000a84000 	/System/Library/PrivateFrameworks/MultitouchSupport.framework/Versions/A/MultitouchSupport
0x0000000000a84000 	/System/Library/Frameworks/IOKit.framework/Versions/A/IOKit
0x0000000000a84000 	/usr/lib/libDiagnosticMessagesClient.dylib
0x0000000000a84000 	/System/Library/Frameworks/CoreServices.framework/Versions/A/CoreServices
0x0000000000a84000 	/System/Library/PrivateFrameworks/PerformanceAnalysis.framework/Versions/A/PerformanceAnalysis
0x0000000000a84000 	/System/Library/PrivateFrameworks/GenerationalStorage.framework/Versions/A/GenerationalStorage
0x0000000000a84000 	/System/Library/Frameworks/OpenGL.framework/Versions/A/OpenGL
0x0000000000a84000 	/System/Library/PrivateFrameworks/Sharing.framework/Versions/A/Sharing
0x0000000000a84000 	/System/Library/Frameworks/CoreGraphics.framework/Versions/A/CoreGraphics
0x0000000000a84000 	/System/Library/Frameworks/CoreText.framework/Versions/A/CoreText
0x0000000000a84000 	/System/Library/Frameworks/ImageIO.framework/Versions/A/ImageIO
0x0000000000a84000 	/usr/lib/libextension.dylib
0x0000000000a84000 	/System/Library/PrivateFrameworks/Backup.framework/Versions/A/Backup
0x0000000000a84000 	/usr/lib/libarchive.2.dylib
0x0000000000a84000 	/System/Library/Frameworks/CFNetwork.framework/Versions/A/CFNetwork
0x0000000000a84000 	/System/Library/Frameworks/SystemConfiguration.framework/Versions/A/SystemConfiguration
0x0000000000a84000 	/usr/lib/libCRFSuite.dylib
0x0000000000a84000 	/usr/lib/libc++.1.dylib
0x0000000000a84000 	/usr/lib/libc++abi.dylib
0x0000000000a84000 	/usr/lib/system/libcache.dylib
0x0000000000a84000 	/usr/lib/system/libcommonCrypto.dylib
0x0000000000a84000 	/usr/lib/system/libcompiler_rt.dylib
0x0000000000a84000 	/usr/lib/system/libcopyfile.dylib
0x0000000000a84000 	/usr/lib/system/libcorecrypto.dylib
0x0000000000a84000 	/usr/lib/system/libdispatch.dylib
0x0000000000a84000 	/usr/lib/system/libdyld.dylib
0x0000000000a84000 	/usr/lib/system/libkeymgr.dylib
0x0000000000a84000 	/usr/lib/system/liblaunch.dylib
0x0000000000a84000 	/usr/lib/system/libmacho.dylib
0x0000000000a84000 	/usr/lib/system/libquarantine.dylib
0x0000000000a84000 	/usr/lib/system/libremovefile.dylib
0x0000000000a84000 	/usr/lib/system/libsystem_asl.dylib
0x0000000000a84000 	/usr/lib/system/libsystem_blocks.dylib
0x0000000000a84000 	/usr/lib/system/libsystem_c.dylib
0x0000000000a84000 	/usr/lib/system/libsystem_configuration.dylib
0x0000000000a84000 	/usr/lib/system/libsystem_coreservices.dylib
0x0000000000a84000 	/usr/lib/system/libsystem_coretls.dylib
0x0000000000a84000 	/usr/lib/system/libsystem_dnssd.dylib
0x0000000000a84000 	/usr/lib/system/libsystem_info.dylib
0x0000000000a84000 	/usr/lib/system/libsystem_kernel.dylib
0x0000000000a84000 	/usr/lib/system/libsystem_m.dylib
0x0000000000a84000 	/usr/lib/system/libsystem_malloc.dylib
0x0000000000a84000 	/usr/lib/system/libsystem_network.dylib
0x0000000000a84000 	/usr/lib/system/libsystem_networkextension.dylib
0x0000000000a84000 	/usr/lib/system/libsystem_notify.dylib
0x0000000000a84000 	/usr/lib/system/libsystem_platform.dylib
0x0000000000a84000 	/usr/lib/system/libsystem_pthread.dylib
0x0000000000a84000 	/usr/lib/system/libsystem_sandbox.dylib
0x0000000000a84000 	/usr/lib/system/libsystem_secinit.dylib
0x0000000000a84000 	/usr/lib/system/libsystem_stats.dylib
0x0000000000a84000 	/usr/lib/system/libsystem_trace.dylib
0x0000000000a84000 	/usr/lib/system/libunc.dylib
0x0000000000a84000 	/usr/lib/system/libunwind.dylib
0x0000000000a84000 	/usr/lib/system/libxpc.dylib
0x0000000000a84000 	/usr/lib/libbz2.1.0.dylib
0x0000000000a84000 	/usr/lib/liblzma.5.dylib
0x0000000000a84000 	/usr/lib/libbsm.0.dylib
0x0000000000a84000 	/usr/lib/libsqlite3.dylib
0x0000000000a84000 	/usr/lib/system/libkxld.dylib
0x0000000000a84000 	/usr/lib/libxar.1.dylib
0x0000000000a84000 	/usr/lib/libpam.2.dylib
0x0000000000a84000 	/usr/lib/libOpenScriptingUtil.dylib
0x0000000000a84000 	/System/Library/Frameworks/CoreServices.framework/Versions/A/Frameworks/FSEvents.framework/Versions/A/FSEvents
0x0000000000a84000 	/System/Library/Frameworks/CoreServices.framework/Versions/A/Frameworks/CarbonCore.framework/Versions/A/CarbonCore
0x0000000000a84000 	/System/Library/Frameworks/CoreServices.framework/Versions/A/Frameworks/Metadata.framework/Versions/A/Metadata
0x0000000000a84000 	/System/Library/Frameworks/CoreServices.framework/Versions/A/Frameworks/OSServices.framework/Versions/A/OSServices
0x0000000000a84000 	/System/Library/Frameworks/CoreServices.framework/Versions/A/Frameworks/SearchKit.framework/Versions/A/SearchKit
0x0000000000a84000 	/System/Library/Frameworks/CoreServices.framework/Versions/A/Frameworks/AE.framework/Versions/A/AE
0x0000000000a84000 	/System/Library/Frameworks/CoreServices.framework/Versions/A/Frameworks/LaunchServices.framework/Versions/A/LaunchServices
0x0000000000a84000 	/System/Library/Frameworks/CoreServices.framework/Versions/A/Frameworks/DictionaryServices.framework/Versions/A/DictionaryServices
0x0000000000a84000 	/System/Library/Frameworks/NetFS.framework/Versions/A/NetFS
0x0000000000a84000 	/System/Library/PrivateFrameworks/NetAuth.framework/Versions/A/NetAuth
0x0000000000a84000 	/System/Library/PrivateFrameworks/login.framework/Versions/A/Frameworks/loginsupport.framework/Versions/A/loginsupport
0x0000000000a84000 	/System/Library/PrivateFrameworks/TCC.framework/Versions/A/TCC
0x0000000000a84000 	/usr/lib/libmecabra.dylib
0x0000000000a84000 	/System/Library/Frameworks/ApplicationServices.framework/Versions/A/Frameworks/ATS.framework/Versions/A/ATS
0x0000000000a84000 	/System/Library/Frameworks/ApplicationServices.framework/Versions/A/Frameworks/ColorSync.framework/Versions/A/ColorSync
0x0000000000a84000 	/System/Library/Frameworks/ApplicationServices.framework/Versions/A/Frameworks/HIServices.framework/Versions/A/HIServices
0x0000000000a84000 	/System/Library/Frameworks/ApplicationServices.framework/Versions/A/Frameworks/LangAnalysis.framework/Versions/A/LangAnalysis
0x0000000000a84000 	/System/Library/Frameworks/ApplicationServices.framework/Versions/A/Frameworks/PrintCore.framework/Versions/A/PrintCore
0x0000000000a84000 	/System/Library/Frameworks/ApplicationServices.framework/Versions/A/Frameworks/QD.framework/Versions/A/QD
0x0000000000a84000 	/System/Library/Frameworks/ApplicationServices.framework/Versions/A/Frameworks/SpeechSynthesis.framework/Versions/A/SpeechSynthesis
0x0000000000a84000 	/System/Library/Frameworks/Accelerate.framework/Versions/A/Accelerate
0x0000000000a84000 	/System/Library/Frameworks/Accelerate.framework/Versions/A/Frameworks/vImage.framework/Versions/A/vImage
0x0000000000a84000 	/System/Library/Frameworks/Accelerate.framework/Versions/A/Frameworks/vecLib.framework/Versions/A/vecLib
0x0000000000a84000 	/System/Library/Frameworks/Accelerate.framework/Versions/A/Frameworks/vecLib.framework/Versions/A/libvDSP.dylib
0x0000000000a84000 	/System/Library/Frameworks/Accelerate.framework/Versions/A/Frameworks/vecLib.framework/Versions/A/libvMisc.dylib
0x0000000000a84000 	/System/Library/Frameworks/Accelerate.framework/Versions/A/Frameworks/vecLib.framework/Versions/A/libLAPACK.dylib
0x0000000000a84000 	/System/Library/Frameworks/Accelerate.framework/Versions/A/Frameworks/vecLib.framework/Versions/A/libBLAS.dylib
0x0000000000a84000 	/System/Library/Frameworks/Accelerate.framework/Versions/A/Frameworks/vecLib.framework/Versions/A/libLinearAlgebra.dylib
0x0000000000a84000 	/System/Library/Frameworks/ApplicationServices.framework/Versions/A/Frameworks/ATS.framework/Versions/A/Resources/libFontParser.dylib
0x0000000000a84000 	/System/Library/Frameworks/ApplicationServices.framework/Versions/A/Frameworks/ATS.framework/Versions/A/Resources/libFontRegistry.dylib
0x0000000000a84000 	/System/Library/PrivateFrameworks/AppleVPA.framework/Versions/A/AppleVPA
0x0000000000a84000 	/System/Library/PrivateFrameworks/AppleJPEG.framework/Versions/A/AppleJPEG
0x0000000000a84000 	/System/Library/Frameworks/ImageIO.framework/Versions/A/Resources/libJPEG.dylib
0x0000000000a84000 	/System/Library/Frameworks/ImageIO.framework/Versions/A/Resources/libTIFF.dylib
0x0000000000a84000 	/System/Library/Frameworks/ImageIO.framework/Versions/A/Resources/libPng.dylib
0x0000000000a84000 	/System/Library/Frameworks/ImageIO.framework/Versions/A/Resources/libGIF.dylib
0x0000000000a84000 	/System/Library/Frameworks/ImageIO.framework/Versions/A/Resources/libJP2.dylib
0x0000000000a84000 	/System/Library/Frameworks/ImageIO.framework/Versions/A/Resources/libRadiance.dylib
0x0000000000a84000 	/System/Library/Frameworks/CoreVideo.framework/Versions/A/CoreVideo
0x0000000000a84000 	/System/Library/Frameworks/OpenGL.framework/Versions/A/Libraries/libGLU.dylib
0x0000000000a84000 	/System/Library/Frameworks/OpenGL.framework/Versions/A/Libraries/libGFXShared.dylib
0x0000000000a84000 	/System/Library/Frameworks/OpenGL.framework/Versions/A/Libraries/libGL.dylib
0x0000000000a84000 	/System/Library/Frameworks/OpenGL.framework/Versions/A/Libraries/libGLImage.dylib
0x0000000000a84000 	/System/Library/Frameworks/OpenGL.framework/Versions/A/Libraries/libCVMSPluginSupport.dylib
0x0000000000a84000 	/System/Library/Frameworks/OpenGL.framework/Versions/A/Libraries/libCoreVMClient.dylib
0x0000000000a84000 	/usr/lib/libcups.2.dylib
0x0000000000a84000 	/System/Library/Frameworks/Kerberos.framework/Versions/A/Kerberos
0x0000000000a84000 	/System/Library/Frameworks/GSS.framework/Versions/A/GSS
0x0000000000a84000 	/usr/lib/libresolv.9.dylib
0x0000000000a84000 	/usr/lib/libiconv.2.dylib
0x0000000000a84000 	/System/Library/PrivateFrameworks/Heimdal.framework/Versions/A/Heimdal
0x0000000000a84000 	/usr/lib/libheimdal-asn1.dylib
0x0000000000a84000 	/System/Library/Frameworks/OpenDirectory.framework/Versions/A/OpenDirectory
0x0000000000a84000 	/System/Library/PrivateFrameworks/CommonAuth.framework/Versions/A/CommonAuth
0x0000000000a84000 	/System/Library/Frameworks/OpenDirectory.framework/Versions/A/Frameworks/CFOpenDirectory.framework/Versions/A/CFOpenDirectory
0x0000000000a84000 	/System/Library/Frameworks/SecurityFoundation.framework/Versions/A/SecurityFoundation
0x0000000000a84000 	/System/Library/PrivateFrameworks/LanguageModeling.framework/Versions/A/LanguageModeling
0x0000000000a84000 	/usr/lib/libcmph.dylib
0x0000000000a84000 	/System/Library/Frameworks/ServiceManagement.framework/Versions/A/ServiceManagement
0x0000000000a84000 	/usr/lib/libxslt.1.dylib
0x0000000000a84000 	/System/Library/Frameworks/Carbon.framework/Versions/A/Frameworks/Ink.framework/Versions/A/Ink
0x0000000000a84000 	/System/Library/Frameworks/QuartzCore.framework/Versions/A/Frameworks/CoreImage.framework/Versions/A/CoreImage
0x0000000000a84000 	/System/Library/PrivateFrameworks/CrashReporterSupport.framework/Versions/A/CrashReporterSupport
0x0000000000a84000 	/System/Library/Frameworks/OpenCL.framework/Versions/A/OpenCL
0x0000000000a84000 	/System/Library/PrivateFrameworks/FaceCore.framework/Versions/A/FaceCore
0x0000000000a84000 	/System/Library/PrivateFrameworks/Ubiquity.framework/Versions/A/Ubiquity
0x0000000000a84000 	/System/Library/PrivateFrameworks/IconServices.framework/Versions/A/IconServices
0x0000000000a84000 	/System/Library/PrivateFrameworks/ChunkingLibrary.framework/Versions/A/ChunkingLibrary
0x0000000000a84000 	/System/Library/PrivateFrameworks/Apple80211.framework/Versions/A/Apple80211
0x0000000000a84000 	/System/Library/Frameworks/CoreWLAN.framework/Versions/A/CoreWLAN
0x0000000000a84000 	/System/Library/Frameworks/IOBluetooth.framework/Versions/A/IOBluetooth
0x0000000000a84000 	/System/Library/PrivateFrameworks/CoreWiFi.framework/Versions/A/CoreWiFi
0x0000000000a84000 	/System/Library/Frameworks/CoreBluetooth.framework/Versions/A/CoreBluetooth
0x0000000000a84000 	/System/Library/PrivateFrameworks/DebugSymbols.framework/Versions/A/DebugSymbols
0x0000000000a84000 	/System/Library/PrivateFrameworks/CoreSymbolication.framework/Versions/A/CoreSymbolication
0x0000000000a84000 	/System/Library/PrivateFrameworks/Symbolication.framework/Versions/A/Symbolication
0x0000000000a84000 	/System/Library/PrivateFrameworks/SpeechRecognitionCore.framework/Versions/A/SpeechRecognitionCore
0x00000001065bf000 	/Library/Java/JavaVirtualMachines/jdk1.8.0_60.jdk/Contents/Home/jre/lib/server/libjvm.dylib
0x0000000000a84000 	/usr/lib/libstdc++.6.dylib
0x000000010764b000 	/Library/Java/JavaVirtualMachines/jdk1.8.0_60.jdk/Contents/Home/jre/lib/libverify.dylib
0x0000000107659000 	/Library/Java/JavaVirtualMachines/jdk1.8.0_60.jdk/Contents/Home/jre/lib/libjava.dylib
0x00000001076af000 	/Library/Java/JavaVirtualMachines/jdk1.8.0_60.jdk/Contents/Home/jre/lib/libzip.dylib
0x000000011b9cf000 	/System/Library/Frameworks/JavaVM.framework/Frameworks/JavaRuntimeSupport.framework/JavaRuntimeSupport
0x000000011b9e5000 	/System/Library/Frameworks/JavaVM.framework/Versions/A/Frameworks/JavaNativeFoundation.framework/Versions/A/JavaNativeFoundation
0x000000011b9f9000 	/System/Library/Frameworks/JavaVM.framework/Versions/A/JavaVM
0x0000000000a84000 	/System/Library/Frameworks/Carbon.framework/Versions/A/Carbon
0x000000011ba05000 	/System/Library/PrivateFrameworks/JavaLaunching.framework/Versions/A/JavaLaunching
0x0000000000a84000 	/System/Library/Frameworks/Carbon.framework/Versions/A/Frameworks/CommonPanels.framework/Versions/A/CommonPanels
0x0000000000a84000 	/System/Library/Frameworks/Carbon.framework/Versions/A/Frameworks/Help.framework/Versions/A/Help
0x0000000000a84000 	/System/Library/Frameworks/Carbon.framework/Versions/A/Frameworks/ImageCapture.framework/Versions/A/ImageCapture
0x0000000000a84000 	/System/Library/Frameworks/Carbon.framework/Versions/A/Frameworks/OpenScripting.framework/Versions/A/OpenScripting
0x0000000000a84000 	/System/Library/Frameworks/Carbon.framework/Versions/A/Frameworks/Print.framework/Versions/A/Print
0x0000000000a84000 	/System/Library/Frameworks/Carbon.framework/Versions/A/Frameworks/SecurityHI.framework/Versions/A/SecurityHI
0x000000011da9b000 	/Applications/IntelliJ IDEA CE.app/Contents/bin/libbreakgen64.jnilib
0x000000011dba1000 	/Library/Java/JavaVirtualMachines/jdk1.8.0_60.jdk/Contents/Home/jre/lib/libnet.dylib
0x000000011dc00000 	/private/var/folders/rj/l4b0rrtn2jn6sdhy5w2f_r740000gn/T/libgdxadmin/ad4da71/libgdx64.dylib
0x000000011dc4c000 	/Library/Java/JavaVirtualMachines/jdk1.8.0_60.jdk/Contents/Home/jre/lib/libawt.dylib
0x000000011dcf4000 	/Library/Java/JavaVirtualMachines/jdk1.8.0_60.jdk/Contents/Home/jre/lib/./libmlib_image.dylib
0x000000011ddc0000 	/Library/Java/JavaVirtualMachines/jdk1.8.0_60.jdk/Contents/Home/jre/lib/libawt_lwawt.dylib
0x000000011de75000 	/Library/Java/JavaVirtualMachines/jdk1.8.0_60.jdk/Contents/Home/jre/lib/./libosxapp.dylib
0x0000000000a84000 	/System/Library/Frameworks/ExceptionHandling.framework/Versions/A/ExceptionHandling
0x0000000000a84000 	/System/Library/PrivateFrameworks/CoreServicesInternal.framework/Versions/A/CoreServicesInternal
0x0000000000a84000 	/System/Library/PrivateFrameworks/CloudDocs.framework/Versions/A/CloudDocs
0x0000000000a84000 	/System/Library/PrivateFrameworks/CoreDuet.framework/Versions/A/CoreDuet
0x0000000000a84000 	/System/Library/Frameworks/CloudKit.framework/Versions/A/CloudKit
0x0000000000a84000 	/System/Library/PrivateFrameworks/ProtocolBuffer.framework/Versions/A/ProtocolBuffer
0x0000000000a84000 	/System/Library/PrivateFrameworks/CoreDuetDaemonProtocol.framework/Versions/A/CoreDuetDaemonProtocol
0x0000000000a84000 	/System/Library/PrivateFrameworks/CoreDuetDebugLogging.framework/Versions/A/CoreDuetDebugLogging
0x0000000000a84000 	/System/Library/PrivateFrameworks/MMCS.framework/Versions/A/MMCS
0x0000000000a84000 	/System/Library/Frameworks/CoreLocation.framework/Versions/A/CoreLocation
0x0000000000a84000 	/System/Library/PrivateFrameworks/ProtectedCloudStorage.framework/Versions/A/ProtectedCloudStorage
0x0000000000a84000 	/System/Library/PrivateFrameworks/GeoServices.framework/Versions/A/GeoServices
0x0000000000a84000 	/System/Library/Frameworks/CoreGraphics.framework/Versions/A/Resources/libCGCMS.A.dylib
0x0000000000a84000 	/System/Library/Frameworks/CoreGraphics.framework/Versions/A/Resources/libRIP.A.dylib
0x0000000000a84000 	/System/Library/Frameworks/CoreGraphics.framework/Versions/A/Resources/libCGXType.A.dylib
0x0000000000a84000 	/System/Library/Frameworks/OpenCL.framework/Versions/A/Libraries/libcldcpuengine.dylib
0x0000000000a84000 	/System/Library/PrivateFrameworks/DiskImages.framework/Versions/A/DiskImages
0x0000000000a84000 	/System/Library/Frameworks/DiscRecording.framework/Versions/A/DiscRecording
0x0000000000a84000 	/usr/lib/libcsfde.dylib
0x0000000000a84000 	/usr/lib/libcurl.4.dylib
0x0000000000a84000 	/System/Library/PrivateFrameworks/MediaKit.framework/Versions/A/MediaKit
0x0000000000a84000 	/usr/lib/libCoreStorage.dylib
0x0000000000a84000 	/System/Library/PrivateFrameworks/EFILogin.framework/Versions/A/EFILogin
0x0000000000a84000 	/usr/lib/libutil.dylib
0x0000000000a84000 	/System/Library/PrivateFrameworks/FindMyDevice.framework/Versions/A/FindMyDevice
0x0000000000a84000 	/System/Library/Frameworks/LDAP.framework/Versions/A/LDAP
0x0000000000a84000 	/usr/lib/libsasl2.2.dylib
0x0000000000a84000 	/System/Library/PrivateFrameworks/CoreDaemon.framework/Versions/B/CoreDaemon
0x0000000000a84000 	/usr/lib/libcrypto.0.9.8.dylib
0x0000000000a84000 	/System/Library/PrivateFrameworks/AppleSRP.framework/Versions/A/AppleSRP
0x0000000000a84000 	/System/Library/PrivateFrameworks/TrustEvaluationAgent.framework/Versions/A/TrustEvaluationAgent
0x0000000120d55000 	cl_kernels
0x0000000120d57000 	/System/Library/Frameworks/OpenCL.framework/Versions/A/Libraries/ImageFormats/unorm8_bgra.dylib
0x0000000120d46000 	cl_kernels
0x0000000000a84000 	/System/Library/PrivateFrameworks/FamilyControls.framework/Versions/A/FamilyControls
0x0000000000a84000 	/System/Library/PrivateFrameworks/CommerceKit.framework/Versions/A/Frameworks/CommerceCore.framework/Versions/A/CommerceCore
0x0000000000a84000 	/System/Library/PrivateFrameworks/SystemAdministration.framework/Versions/A/SystemAdministration
0x0000000000a84000 	/System/Library/PrivateFrameworks/AppContainer.framework/Versions/A/AppContainer
0x0000000000a84000 	/System/Library/PrivateFrameworks/SecCodeWrapper.framework/Versions/A/SecCodeWrapper
0x0000000000a84000 	/System/Library/Frameworks/DirectoryService.framework/Versions/A/DirectoryService
0x0000000000a84000 	/System/Library/PrivateFrameworks/LoginUIKit.framework/Versions/A/Frameworks/LoginUICore.framework/Versions/A/LoginUICore
0x0000000000a84000 	/usr/lib/libodfde.dylib
0x0000000121f1d000 	/Library/Java/JavaVirtualMachines/jdk1.8.0_60.jdk/Contents/Home/jre/lib/libfontmanager.dylib
0x0000000121f84000 	/private/var/folders/rj/l4b0rrtn2jn6sdhy5w2f_r740000gn/T/libgdxadmin/f7649394/liblwjgl.dylib
0x0000000120290000 	/Library/Java/JavaVirtualMachines/jdk1.8.0_60.jdk/Contents/Home/jre/lib/libjawt.dylib
0x0000000122006000 	/var/folders/rj/l4b0rrtn2jn6sdhy5w2f_r740000gn/T/libgdxadmin/f7649394/openal.dylib
0x0000000122075000 	/System/Library/Components/CoreAudio.component/Contents/MacOS/CoreAudio
0x00000001202a8000 	/System/Library/Extensions/AppleHDA.kext/Contents/PlugIns/AppleHDAHALPlugIn.bundle/Contents/MacOS/AppleHDAHALPlugIn
0x0000000000a84000 	/System/Library/Frameworks/OpenGL.framework/Versions/A/Resources/GLEngine.bundle/GLEngine
0x0000000000a84000 	/System/Library/Frameworks/OpenGL.framework/Versions/A/Libraries/libGLProgrammability.dylib
0x00000001226da000 	/System/Library/Extensions/AppleIntelHD5000GraphicsGLDriver.bundle/Contents/MacOS/AppleIntelHD5000GraphicsGLDriver
0x0000000000a84000 	/System/Library/PrivateFrameworks/IOAccelerator.framework/Versions/A/IOAccelerator
0x0000000000a84000 	/System/Library/PrivateFrameworks/GPUSupport.framework/Versions/A/Libraries/libGPUSupportMercury.dylib
0x0000000000a84000 	/System/Library/Frameworks/OpenGL.framework/Versions/A/Resources/GLRendererFloat.bundle/GLRendererFloat

VM Arguments:
jvm_args: -Didea.launcher.port=7538 -Didea.launcher.bin.path=/Applications/IntelliJ IDEA CE.app/Contents/bin -Dfile.encoding=UTF-8 
java_command: com.intellij.rt.execution.application.AppMain com.saints.gamecode.Main
java_class_path (initial): /Library/Java/JavaVirtualMachines/jdk1.8.0_60.jdk/Contents/Home/lib/ant-javafx.jar:/Library/Java/JavaVirtualMachines/jdk1.8.0_60.jdk/Contents/Home/lib/dt.jar:/Library/Java/JavaVirtualMachines/jdk1.8.0_60.jdk/Contents/Home/lib/javafx-mx.jar:/Library/Java/JavaVirtualMachines/jdk1.8.0_60.jdk/Contents/Home/lib/jconsole.jar:/Library/Java/JavaVirtualMachines/jdk1.8.0_60.jdk/Contents/Home/lib/packager.jar:/Library/Java/JavaVirtualMachines/jdk1.8.0_60.jdk/Contents/Home/lib/sa-jdi.jar:/Library/Java/JavaVirtualMachines/jdk1.8.0_60.jdk/Contents/Home/lib/tools.jar:/Library/Java/JavaVirtualMachines/jdk1.8.0_60.jdk/Contents/Home/jre/lib/charsets.jar:/Library/Java/JavaVirtualMachines/jdk1.8.0_60.jdk/Contents/Home/jre/lib/deploy.jar:/Library/Java/JavaVirtualMachines/jdk1.8.0_60.jdk/Contents/Home/jre/lib/javaws.jar:/Library/Java/JavaVirtualMachines/jdk1.8.0_60.jdk/Contents/Home/jre/lib/jce.jar:/Library/Java/JavaVirtualMachines/jdk1.8.0_60.jdk/Contents/Home/jre/lib/jfr.jar:/Library/Java/JavaVirtualMachines/jdk1.8.0_60.jdk/Contents/Home/jre/lib/jfxswt.jar:/Library/Java/JavaVirtualMachines/jdk1.8.0_60.jdk/Contents/Home/jre/lib/jsse.jar:/Library/Java/JavaVirtualMachines/jdk1.8.0_60.jdk/Contents/Home/jre/lib/management-agent.jar:/Library/Java/JavaVirtualMachines/jdk1.8.0_60.jdk/Contents/Home/jre/lib/plugin.jar:/Library/Java/JavaVirtualMachines/jdk1.8.0_60.jdk/Contents/Home/jre/lib/resources.jar:/Library/Java/JavaVirtualMachines/jdk1.8.0_60.jdk/Contents/Home/jre/lib/rt.jar:/Library/Java/JavaVirtualMachines/jdk1.8.0_60.jdk/Contents/Home/jre/lib/ext/cldrdata.jar:/Library/Java/JavaVirtualMachines/jdk1.8.0_60.jdk/Contents/Home/jre/lib/ext/dnsns.jar:/Library/Java/JavaVirtualMachines/jdk1.8.0_60.jdk/Contents/Home/jre/lib/ext/jaccess.jar:/Library/Java/JavaVirtualMachines/jdk1.8.0_60.jdk/Contents/Home/jre/lib/ext/jfxrt.jar:/Library/Java/JavaVirtualMachines/jdk1.8.0_60.jdk/Contents/Home/jre/lib/ext/localedata.jar:/Library/Java/JavaVirtualMachines/jdk1.8.0_60.jdk/Conten
Launcher Type: SUN_STANDARD

Environment Variables:
PATH=/Users/admin/gradle/bin:/Users/admin/Downloads/apache-maven-3.3.9/bin:/usr/local/bin:/usr/bin:/bin:/usr/sbin:/sbin:/usr/local/git/bin
SHELL=/bin/bash

Signal Handlers:
SIGSEGV: [libjvm.dylib+0x5a6d31], sa_mask[0]=11111111011111110111111111111111, sa_flags=SA_ONSTACK|SA_RESTART|SA_SIGINFO
SIGBUS: [libjvm.dylib+0x5a6d31], sa_mask[0]=11111111011111110111111111111111, sa_flags=SA_RESTART|SA_SIGINFO
SIGFPE: [libjvm.dylib+0x480a4c], sa_mask[0]=11111111011111110111111111111111, sa_flags=SA_RESTART|SA_SIGINFO
SIGPIPE: [libjvm.dylib+0x480a4c], sa_mask[0]=11111111011111110111111111111111, sa_flags=SA_RESTART|SA_SIGINFO
SIGXFSZ: [libjvm.dylib+0x480a4c], sa_mask[0]=11111111011111110111111111111111, sa_flags=SA_RESTART|SA_SIGINFO
SIGILL: [libjvm.dylib+0x480a4c], sa_mask[0]=11111111011111110111111111111111, sa_flags=SA_RESTART|SA_SIGINFO
SIGUSR1: SIG_DFL, sa_mask[0]=00000000000000000000000000000000, sa_flags=none
SIGUSR2: [libjvm.dylib+0x48056a], sa_mask[0]=00100000000000000000000000000000, sa_flags=SA_RESTART|SA_SIGINFO
SIGHUP: [libjvm.dylib+0x47eb41], sa_mask[0]=11111111011111110111111111111111, sa_flags=SA_RESTART|SA_SIGINFO
SIGINT: [libjvm.dylib+0x47eb41], sa_mask[0]=11111111011111110111111111111111, sa_flags=SA_RESTART|SA_SIGINFO
SIGTERM: [libjvm.dylib+0x47eb41], sa_mask[0]=11111111011111110111111111111111, sa_flags=SA_RESTART|SA_SIGINFO
SIGQUIT: [libjvm.dylib+0x47eb41], sa_mask[0]=11111111011111110111111111111111, sa_flags=SA_RESTART|SA_SIGINFO


---------------  S Y S T E M  ---------------

OS:Bsduname:Darwin 14.5.0 Darwin Kernel Version 14.5.0: Tue Sep  1 21:23:09 PDT 2015; root:xnu-2782.50.1~1/RELEASE_X86_64 x86_64
rlimit: STACK 8192k, CORE 0k, NPROC 709, NOFILE 10240, AS infinity
load average:3.01 2.61 2.13

CPU:total 4 (2 cores per cpu, 2 threads per core) family 6 model 69 stepping 1, cmov, cx8, fxsr, mmx, sse, sse2, sse3, ssse3, sse4.1, sse4.2, popcnt, avx, avx2, aes, clmul, erms, lzcnt, ht, tsc, tscinvbit, bmi1, bmi2

Memory: 4k page, physical 4194304k(31520k free)

/proc/meminfo:


vm_info: Java HotSpot(TM) 64-Bit Server VM (25.60-b23) for bsd-amd64 JRE (1.8.0_60-b27), built on Aug  4 2015 10:47:24 by "java_re" with gcc 4.2.1 (Based on Apple Inc. build 5658) (LLVM build 2336.11.00)

time: Wed May  4 11:34:59 2016
elapsed time: 6 seconds (0d 0h 0m 6s)

